[debug] > Exec(early(addDefaultCommands), None, None)
[debug] > Exec(addDefaultCommands, None, None)
[debug] > Exec(early(initialize), None, None)
[debug] > Exec(initialize, None, None)
[debug] > Exec(early(addPluginSbtFile="""C:\Users\wong\AppData\Local\Temp\idea.sbt"""), None, None)
[debug] > Exec(addPluginSbtFile="""C:\Users\wong\AppData\Local\Temp\idea.sbt""", None, None)
[debug] > Exec(boot, None, None)
[debug] > Exec(writeSbtVersion, None, None)
[debug] > Exec(reload, None, None)
[debug] > Exec(sbtStashOnFailure, None, None)
[debug] > Exec(onFailure loadFailed, None, None)
[debug] > Exec(loadp, None, None)
[info] welcome to sbt 1.10.7 (Oracle Corporation Java 24.0.1)
[debug] Load.defaultLoad until apply took 50.405ms
[debug]           Load.loadUnit: plugins took 45.6034ms
[debug]           Load.loadUnit: defsScala took 0.2086ms
[debug] [Loading] Scanning directory C:\Users\wong\IdeaProjects\test\CBASS\assignment-2-group-kacang-putih-main\project
[debug]             Load.loadUnit: mkEval took 4.4708ms
[debug] [Loading] Found non-root projects 
[debug] [Loading] Done in C:\Users\wong\IdeaProjects\test\CBASS\assignment-2-group-kacang-putih-main\project, returning: ()
[debug] deducing auto plugins based on known facts Set(Atom(sbt.plugins.CorePlugin)) and clauses Clauses(Clause(Atom(sbt.plugins.JvmPlugin),Set(Atom(sbt.plugins.IvyPlugin)))
[debug] Clause(Atom(sbt.ScriptedPlugin),Set(Atom(sbt.plugins.JvmPlugin)))
[debug] Clause(Atom(sbt.plugins.SbtPlugin),Set(Atom(sbt.ScriptedPlugin)))
[debug] Clause(Atom(sbt.plugins.SemanticdbPlugin),Set(Atom(sbt.plugins.JvmPlugin)))
[debug] Clause(Atom(sbt.plugins.JUnitXmlReportPlugin),Set(Atom(sbt.plugins.JvmPlugin)))
[debug] Clause(Atom(sbt.plugins.MiniDependencyTreePlugin),Set(Atom(sbt.plugins.JvmPlugin)))
[debug] Clause(Atom(sbt.plugins.CorePlugin),Set(Atom(sbt.plugins.IvyPlugin)))
[debug] Clause(Atom(sbt.plugins.IvyPlugin),Set(Atom(sbt.plugins.JvmPlugin)))
[debug] Clause(Atom(sbt.plugins.JvmPlugin),Set(Atom(sbt.plugins.SemanticdbPlugin)))
[debug] Clause(Atom(sbt.plugins.JvmPlugin),Set(Atom(sbt.plugins.JUnitXmlReportPlugin)))
[debug] Clause(Atom(sbt.plugins.CorePlugin),Set(Atom(sbt.plugins.Giter8TemplatePlugin)))
[debug] Clause(Atom(sbt.plugins.JvmPlugin),Set(Atom(sbt.plugins.MiniDependencyTreePlugin))))
[debug]   :: deduced result: Matched(sbt.plugins.CorePlugin,sbt.plugins.Giter8TemplatePlugin,sbt.plugins.IvyPlugin,sbt.plugins.JvmPlugin,sbt.plugins.MiniDependencyTreePlugin,sbt.plugins.JUnitXmlReportPlugin,sbt.plugins.SemanticdbPlugin)
[debug] Plugins.deducer#function took 9.3266 ms
[info] loading settings for project assignment-2-group-kacang-putih-main-build from idea.sbt...
[debug]               Load.resolveProject(assignment-2-group-kacang-putih-main-build) took 25.2993ms
[debug]             Load.loadTransitive: finalizeProject(Project(id assignment-2-group-kacang-putih-main-build, base: C:\Users\wong\IdeaProjects\test\CBASS\assignment-2-group-kacang-putih-main\project, plugins: List(<none>))) took 39.998ms
[debug] [Loading] Done in C:\Users\wong\IdeaProjects\test\CBASS\assignment-2-group-kacang-putih-main\project, returning: (assignment-2-group-kacang-putih-main-build)
[debug]           Load.loadUnit: loadedProjectsRaw took 1699.2346ms
[debug]           Load.loadUnit: cleanEvalClasses took 5.569ms
[debug]         Load.loadUnit(file:/C:/Users/wong/IdeaProjects/test/CBASS/assignment-2-group-kacang-putih-main/project/, ...) took 1754.4994ms
[debug]       Load.apply: load took 1846.274ms
[debug]       Load.apply: resolveProjects took 3.4325ms
[debug]       Load.apply: finalTransforms took 36.963ms
[debug]       Load.apply: config.delegates took 5.4053ms
[debug]       Load.apply: Def.make(settings)... took 281.5424ms
[debug]       Load.apply: structureIndex took 80.0763ms
[debug]       Load.apply: mkStreams took 2.2805ms
[info] loading project definition from C:\Users\wong\IdeaProjects\test\CBASS\assignment-2-group-kacang-putih-main\project
[debug] Running task... Cancel: Signal, check cycles: false, forcegc: true
[debug]     Load.loadUnit: plugins took 3467.4955ms
[debug]     Load.loadUnit: defsScala took 0.0037ms
[debug] [Loading] Scanning directory C:\Users\wong\IdeaProjects\test\CBASS\assignment-2-group-kacang-putih-main
[debug]       Load.loadUnit: mkEval took 0.2802ms
[debug] [Loading] Found root project root w/ remaining 
[debug] deducing auto plugins based on known facts Set(Atom(sbt.plugins.CorePlugin)) and clauses Clauses(Clause(Atom(sbt.plugins.JvmPlugin),Set(Atom(sbt.plugins.IvyPlugin)))
[debug] Clause(Atom(sbt.ScriptedPlugin),Set(Atom(sbt.plugins.JvmPlugin)))
[debug] Clause(Atom(sbt.plugins.SbtPlugin),Set(Atom(sbt.ScriptedPlugin)))
[debug] Clause(Atom(sbt.plugins.SemanticdbPlugin),Set(Atom(sbt.plugins.JvmPlugin)))
[debug] Clause(Atom(sbt.plugins.JUnitXmlReportPlugin),Set(Atom(sbt.plugins.JvmPlugin)))
[debug] Clause(Atom(sbt.plugins.MiniDependencyTreePlugin),Set(Atom(sbt.plugins.JvmPlugin)))
[debug] Clause(Atom(org.jetbrains.sbt.GenerateAllManagedSourcesPlugin),Set(Atom(sbt.plugins.JvmPlugin)))
[debug] Clause(Atom(org.jetbrains.sbt.StructurePlugin),Set(Atom(sbt.plugins.JvmPlugin)))
[debug] Clause(Atom(org.jetbrains.sbt.IdeaShellPlugin),Set(Atom(sbt.plugins.JvmPlugin)))
[debug] Clause(Atom(sbt.plugins.CorePlugin),Set(Atom(sbt.plugins.IvyPlugin)))
[debug] Clause(Atom(sbt.plugins.IvyPlugin),Set(Atom(sbt.plugins.JvmPlugin)))
[debug] Clause(Atom(sbt.plugins.JvmPlugin),Set(Atom(sbt.plugins.SemanticdbPlugin)))
[debug] Clause(Atom(sbt.plugins.JvmPlugin),Set(Atom(sbt.plugins.JUnitXmlReportPlugin)))
[debug] Clause(Atom(sbt.plugins.CorePlugin),Set(Atom(sbt.plugins.Giter8TemplatePlugin)))
[debug] Clause(Atom(sbt.plugins.JvmPlugin),Set(Atom(sbt.plugins.MiniDependencyTreePlugin)))
[debug] Clause(Atom(sbt.plugins.JvmPlugin),Set(Atom(org.jetbrains.sbt.GenerateAllManagedSourcesPlugin)))
[debug] Clause(Atom(sbt.plugins.JvmPlugin),Set(Atom(org.jetbrains.sbt.StructurePlugin)))
[debug] Clause(Atom(sbt.plugins.JvmPlugin),Set(Atom(org.jetbrains.sbt.IdeaShellPlugin))))
[debug]   :: deduced result: Matched(sbt.plugins.CorePlugin,sbt.plugins.Giter8TemplatePlugin,sbt.plugins.IvyPlugin,sbt.plugins.JvmPlugin,org.jetbrains.sbt.GenerateAllManagedSourcesPlugin,sbt.plugins.SemanticdbPlugin,sbt.plugins.JUnitXmlReportPlugin,org.jetbrains.sbt.IdeaShellPlugin,org.jetbrains.sbt.StructurePlugin,sbt.plugins.MiniDependencyTreePlugin)
[debug] Plugins.deducer#function took 1.566 ms
[info] loading settings for project root from build.sbt...
[debug]         Load.resolveProject(root) took 15.1852ms
[debug]       Load.loadTransitive: finalizeProject(Project(id root, base: C:\Users\wong\IdeaProjects\test\CBASS\assignment-2-group-kacang-putih-main, plugins: List(<none>))) took 17.4435ms
[debug] [Loading] Done in C:\Users\wong\IdeaProjects\test\CBASS\assignment-2-group-kacang-putih-main, returning: (root)
[debug]     Load.loadUnit: loadedProjectsRaw took 887.4241ms
[debug]     Load.loadUnit: cleanEvalClasses took 14.7247ms
[debug]   Load.loadUnit(file:/C:/Users/wong/IdeaProjects/test/CBASS/assignment-2-group-kacang-putih-main/, ...) took 4371.1345ms
[debug] Load.apply: load took 4381.7033ms
[debug] Load.apply: resolveProjects took 0.0933ms
[debug] Load.apply: finalTransforms took 15.6704ms
[debug] Load.apply: config.delegates took 0.2345ms
[debug] Load.apply: Def.make(settings)... took 62.7168ms
[debug] Load.apply: structureIndex took 19.7243ms
[debug] Load.apply: mkStreams took 0.003ms
[info] set current project to Assignment2 (in build file:/C:/Users/wong/IdeaProjects/test/CBASS/assignment-2-group-kacang-putih-main/)
[debug] > Exec(sbtPopOnFailure, None, None)
[debug] > Exec(resumeFromFailure, None, None)
[debug] > Exec(notifyUsersAboutShell, None, None)
[debug] > Exec(iflast shell, None, None)
[debug] > Exec(idea-shell, None, None)
